Giocatore ciao ha ricevuto il territorio Europa Settentrionale
Giocatore ciao ha ricevuto il territorio Madagascar
Giocatore ciao ha ricevuto il territorio Venezuela
Giocatore ciao ha ricevuto il territorio Africa del Sud
Giocatore ciao ha ricevuto il territorio Africa del Nord
Giocatore ciao ha ricevuto il territorio Africa Orientale
Giocatore ciao ha ricevuto il territorio Congo
Giocatore ciao ha ricevuto il territorio Territori del Nord-Ovest
Giocatore ciao ha ricevuto il territorio Indonesia
Giocatore ciao ha ricevuto il territorio Perù
Giocatore ciao ha ricevuto il territorio Europa Meridionale
Giocatore ciao ha ricevuto il territorio Groenlandia
Giocatore ciao ha ricevuto il territorio Stati Uniti Occidentali
Giocatore ciao ha ricevuto il territorio Scandinavia
Giocatore davide ha ricevuto il territorio Europa Occidentale
Giocatore davide ha ricevuto il territorio Alberta
Giocatore davide ha ricevuto il territorio Mongolia
Giocatore davide ha ricevuto il territorio Brasile
Giocatore davide ha ricevuto il territorio Australia Occidentale
Giocatore davide ha ricevuto il territorio America Centrale
Giocatore davide ha ricevuto il territorio Quebec
Giocatore davide ha ricevuto il territorio Čita
Giocatore davide ha ricevuto il territorio Egitto
Giocatore davide ha ricevuto il territorio Gran Bretagna
Giocatore davide ha ricevuto il territorio Cina
Giocatore davide ha ricevuto il territorio Australia Orientale
Giocatore davide ha ricevuto il territorio Siberia
Giocatore davide ha ricevuto il territorio Ucraina
Giocatore master ha ricevuto il territorio Urali
Giocatore master ha ricevuto il territorio Nuova Guinea
Giocatore master ha ricevuto il territorio Giappone
Giocatore master ha ricevuto il territorio Alaska
Giocatore master ha ricevuto il territorio Islanda
Giocatore master ha ricevuto il territorio Kamchatka
Giocatore master ha ricevuto il territorio Stati Uniti Orientali
Giocatore master ha ricevuto il territorio India
Giocatore master ha ricevuto il territorio Jacuzia
Giocatore master ha ricevuto il territorio Siam
Giocatore master ha ricevuto il territorio Ontario
Giocatore master ha ricevuto il territorio Medio Oriente
Giocatore master ha ricevuto il territorio Afghanistan
Giocatore master ha ricevuto il territorio Argentina
Giocatore ciao ha posizionato 1 armata su Europa Settentrionale
Giocatore ciao ha posizionato 1 armata su Madagascar
Giocatore ciao ha posizionato 1 armata su Venezuela
Giocatore ciao ha posizionato 1 armata su Africa del Sud
Giocatore ciao ha posizionato 1 armata su Africa del Nord
Giocatore ciao ha posizionato 1 armata su Africa Orientale
Giocatore ciao ha posizionato 1 armata su Congo
Giocatore ciao ha posizionato 1 armata su Territori del Nord-Ovest
Giocatore ciao ha posizionato 1 armata su Indonesia
Giocatore ciao ha posizionato 1 armata su Perù
Giocatore ciao ha posizionato 1 armata su Europa Meridionale
Giocatore ciao ha posizionato 1 armata su Groenlandia
Giocatore ciao ha posizionato 1 armata su Stati Uniti Occidentali
Giocatore ciao ha posizionato 1 armata su Scandinavia
Giocatore davide ha posizionato 1 armata su Europa Occidentale
Giocatore davide ha posizionato 1 armata su Alberta
Giocatore davide ha posizionato 1 armata su Mongolia
Giocatore davide ha posizionato 1 armata su Brasile
Giocatore davide ha posizionato 1 armata su Australia Occidentale
Giocatore davide ha posizionato 1 armata su America Centrale
Giocatore davide ha posizionato 1 armata su Quebec
Giocatore davide ha posizionato 1 armata su Čita
Giocatore davide ha posizionato 1 armata su Egitto
Giocatore davide ha posizionato 1 armata su Gran Bretagna
Giocatore davide ha posizionato 1 armata su Cina
Giocatore davide ha posizionato 1 armata su Australia Orientale
Giocatore davide ha posizionato 1 armata su Siberia
Giocatore davide ha posizionato 1 armata su Ucraina
Giocatore master ha posizionato 1 armata su Urali
Giocatore master ha posizionato 1 armata su Nuova Guinea
Giocatore master ha posizionato 1 armata su Giappone
Giocatore master ha posizionato 1 armata su Alaska
Giocatore master ha posizionato 1 armata su Islanda
Giocatore master ha posizionato 1 armata su Kamchatka
Giocatore master ha posizionato 1 armata su Stati Uniti Orientali
Giocatore master ha posizionato 1 armata su India
Giocatore master ha posizionato 1 armata su Jacuzia
Giocatore master ha posizionato 1 armata su Siam
Giocatore master ha posizionato 1 armata su Ontario
Giocatore master ha posizionato 1 armata su Medio Oriente
Giocatore master ha posizionato 1 armata su Afghanistan
Giocatore master ha posizionato 1 armata su Argentina
Giocatore ciao ha posizionato 1 armata su Madagascar
Giocatore ciao ha posizionato 1 armata su Madagascar
Giocatore ciao ha posizionato 1 armata su Madagascar
Giocatore ciao ha posizionato 1 armata su Madagascar
Giocatore ciao ha posizionato 1 armata su Madagascar
Giocatore ciao ha posizionato 1 armata su Madagascar
Giocatore ciao ha posizionato 1 armata su Madagascar
Giocatore ciao ha posizionato 1 armata su Madagascar
Giocatore ciao ha posizionato 1 armata su Madagascar
Giocatore ciao ha posizionato 1 armata su Madagascar
Giocatore ciao ha posizionato 1 armata su Madagascar
Giocatore ciao ha posizionato 1 armata su Madagascar
Giocatore ciao ha posizionato 1 armata su Madagascar
Giocatore ciao ha posizionato 1 armata su Madagascar
Giocatore ciao ha posizionato 1 armata su Madagascar
Giocatore ciao ha posizionato 1 armata su Madagascar
Giocatore ciao ha posizionato 1 armata su Madagascar
Giocatore ciao ha posizionato 1 armata su Madagascar
Giocatore ciao ha posizionato 1 armata su Madagascar
Giocatore ciao ha posizionato 1 armata su Madagascar
Giocatore ciao ha posizionato 1 armata su Madagascar
Giocatore davide ha posizionato 1 armata su Alberta
Giocatore davide ha posizionato 1 armata su Alberta
Giocatore davide ha posizionato 1 armata su Alberta
Giocatore davide ha posizionato 1 armata su Alberta
Giocatore davide ha posizionato 1 armata su Alberta
Giocatore davide ha posizionato 1 armata su Alberta
Giocatore davide ha posizionato 1 armata su Alberta
Giocatore davide ha posizionato 1 armata su Alberta
Giocatore davide ha posizionato 1 armata su Alberta
Giocatore davide ha posizionato 1 armata su Alberta
Giocatore davide ha posizionato 1 armata su Alberta
Giocatore davide ha posizionato 1 armata su Alberta
Giocatore davide ha posizionato 1 armata su Alberta
Giocatore davide ha posizionato 1 armata su Alberta
Giocatore davide ha posizionato 1 armata su Alberta
Giocatore davide ha posizionato 1 armata su Alberta
Giocatore davide ha posizionato 1 armata su Alberta
Giocatore davide ha posizionato 1 armata su Alberta
Giocatore davide ha posizionato 1 armata su Alberta
Giocatore davide ha posizionato 1 armata su Alberta
Giocatore davide ha posizionato 1 armata su Alberta
Giocatore master ha posizionato 1 armata su Nuova Guinea
Giocatore master ha posizionato 1 armata su Nuova Guinea
Giocatore master ha posizionato 1 armata su Nuova Guinea
Giocatore master ha posizionato 1 armata su Nuova Guinea
Giocatore master ha posizionato 1 armata su Nuova Guinea
Giocatore master ha posizionato 1 armata su Nuova Guinea
Giocatore master ha posizionato 1 armata su Nuova Guinea
Giocatore master ha posizionato 1 armata su Nuova Guinea
Giocatore master ha posizionato 1 armata su Nuova Guinea
Giocatore master ha posizionato 1 armata su Nuova Guinea
Giocatore master ha posizionato 1 armata su Nuova Guinea
Giocatore master ha posizionato 1 armata su Nuova Guinea
Giocatore master ha posizionato 1 armata su Nuova Guinea
Giocatore master ha posizionato 1 armata su Nuova Guinea
Giocatore master ha posizionato 1 armata su Nuova Guinea
Giocatore master ha posizionato 1 armata su Nuova Guinea
Giocatore master ha posizionato 1 armata su Nuova Guinea
Giocatore master ha posizionato 1 armata su Nuova Guinea
Giocatore master ha posizionato 1 armata su Nuova Guinea
Giocatore master ha posizionato 1 armata su Nuova Guinea
Giocatore master ha posizionato 1 armata su Nuova Guinea
Giocatore ciao ha posizionato 1 armata su Europa Settentrionale
Giocatore ciao ha posizionato 1 armata su Madagascar
Giocatore ciao ha posizionato 1 armata su Venezuela
Giocatore ciao ha posizionato 1 armata su Africa del Sud
Giocatore ciao ha posizionato 1 armata su Africa del Nord
Giocatore ciao ha posizionato 1 armata su Africa Orientale
Giocatore ciao ha posizionato 1 armata su Congo
Giocatore ciao ha posizionato 1 armata su Territori del Nord-Ovest
Giocatore ciao ha posizionato 1 armata su Indonesia
Giocatore ciao ha posizionato 1 armata su Perù
Giocatore ciao ha posizionato 1 armata su Europa Meridionale
Giocatore ciao ha posizionato 1 armata su Groenlandia
Giocatore ciao ha posizionato 1 armata su Stati Uniti Occidentali
Giocatore ciao ha posizionato 1 armata su Scandinavia
Giocatore davide ha posizionato 1 armata su Europa Occidentale
Giocatore davide ha posizionato 1 armata su Alberta
Giocatore davide ha posizionato 1 armata su Mongolia
Giocatore davide ha posizionato 1 armata su Brasile
Giocatore davide ha posizionato 1 armata su Australia Occidentale
Giocatore davide ha posizionato 1 armata su America Centrale
Giocatore davide ha posizionato 1 armata su Quebec
Giocatore davide ha posizionato 1 armata su Čita
Giocatore davide ha posizionato 1 armata su Egitto
Giocatore davide ha posizionato 1 armata su Gran Bretagna
Giocatore davide ha posizionato 1 armata su Cina
Giocatore davide ha posizionato 1 armata su Australia Orientale
Giocatore davide ha posizionato 1 armata su Siberia
Giocatore davide ha posizionato 1 armata su Ucraina
Giocatore master ha posizionato 1 armata su Urali
Giocatore master ha posizionato 1 armata su Nuova Guinea
Giocatore master ha posizionato 1 armata su Giappone
Giocatore master ha posizionato 1 armata su Alaska
Giocatore master ha posizionato 1 armata su Islanda
Giocatore master ha posizionato 1 armata su Kamchatka
Giocatore master ha posizionato 1 armata su Stati Uniti Orientali
Giocatore master ha posizionato 1 armata su India
Giocatore master ha posizionato 1 armata su Jacuzia
Giocatore master ha posizionato 1 armata su Siam
Giocatore master ha posizionato 1 armata su Ontario
Giocatore master ha posizionato 1 armata su Medio Oriente
Giocatore master ha posizionato 1 armata su Afghanistan
Giocatore master ha posizionato 1 armata su Argentina
Giocatore ciao riceve 4 armate (Territori: 4, Continenti: 0).
