Giocatore f riceve 7 armate (Territori: 7, Continenti: 0).
Giocatore j riceve 9 armate (Territori: 7, Continenti: 2).
Giocatore DIO riceve 7 armate (Territori: 7, Continenti: 0).
Giocatore DIO ha posizionato 1 armata su Groenlandia
Giocatore DIO ha posizionato 1 armata su Jacuzia
Giocatore DIO ha posizionato 1 armata su Jacuzia
Giocatore DIO ha posizionato 1 armata su Kamchatka
Giocatore DIO ha posizionato 1 armata su Stati Uniti Occidentali
Giocatore DIO ha posizionato 1 armata su Venezuela
Giocatore DIO ha posizionato 1 armata su Jacuzia
Giocatore DIO riceve 7 armate (Territori: 7, Continenti: 0).
Giocatore DIO ha posizionato 1 armata su Groenlandia
Giocatore DIO ha posizionato 1 armata su Groenlandia
Giocatore DIO ha posizionato 1 armata su Groenlandia
Giocatore DIO ha posizionato 1 armata su Groenlandia
Giocatore DIO ha posizionato 1 armata su Groenlandia
Giocatore DIO ha posizionato 1 armata su Groenlandia
Giocatore DIO ha posizionato 1 armata su Groenlandia
Giocatore f riceve 7 armate (Territori: 7, Continenti: 0).
Giocatore f ha posizionato 1 armata su Urali
Giocatore f ha posizionato 1 armata su Urali
Giocatore f ha posizionato 1 armata su Urali
Giocatore f ha posizionato 1 armata su Urali
Giocatore f ha posizionato 1 armata su Urali
Giocatore f ha posizionato 1 armata su Urali
Giocatore f ha posizionato 1 armata su Urali
Turno di f terminato.
Giocatore g riceve 7 armate (Territori: 7, Continenti: 0).
Giocatore g ha posizionato 1 armata su Indonesia
Giocatore g ha posizionato 1 armata su Indonesia
Giocatore g ha posizionato 1 armata su Indonesia
Giocatore g ha posizionato 1 armata su Indonesia
Giocatore g ha posizionato 1 armata su Indonesia
Giocatore g ha posizionato 1 armata su Indonesia
Giocatore g ha posizionato 1 armata su Indonesia
Giocatore f riceve 7 armate (Territori: 7, Continenti: 0).
Giocatore f riceve 7 armate (Territori: 7, Continenti: 0).
Giocatore f ha posizionato 1 armata su Urali
Giocatore f ha posizionato 1 armata su Urali
Giocatore f ha posizionato 1 armata su Urali
Giocatore f ha posizionato 1 armata su Urali
Giocatore f ha posizionato 1 armata su Urali
Giocatore f ha posizionato 1 armata su Urali
Giocatore f ha posizionato 1 armata su Urali
Giocatore f riceve 7 armate (Territori: 7, Continenti: 0).
Giocatore f ha posizionato 1 armata su Gran Bretagna
Giocatore f ha posizionato 1 armata su Gran Bretagna
Giocatore f ha posizionato 1 armata su Gran Bretagna
Giocatore f ha posizionato 1 armata su Gran Bretagna
Giocatore f ha posizionato 1 armata su Gran Bretagna
Giocatore f ha posizionato 1 armata su Gran Bretagna
Giocatore f ha posizionato 1 armata su Gran Bretagna
Giocatore Nico riceve 7 armate (Territori: 7, Continenti: 0).
Giocatore Nico ha posizionato 1 armata su Egitto
Giocatore Nico ha posizionato 1 armata su Indonesia
Giocatore Nico ha posizionato 1 armata su Ontario
Giocatore Nico ha posizionato 1 armata su Nuova Guinea
Giocatore Nico ha posizionato 1 armata su Venezuela
Giocatore Nico ha posizionato 1 armata su America Centrale
Giocatore Nico ha posizionato 1 armata su Nuova Guinea
Giocatore Mario riceve 7 armate (Territori: 7, Continenti: 0).
Giocatore Mario ha posizionato 1 armata su America Centrale
Giocatore Mario ha posizionato 1 armata su Africa Orientale
Giocatore Mario ha posizionato 1 armata su Afghanistan
Giocatore Mario ha posizionato 1 armata su Medio Oriente
Giocatore Mario ha posizionato 1 armata su Urali
Giocatore Mario ha posizionato 1 armata su Africa del Nord
Giocatore Mario ha posizionato 1 armata su Africa del Sud
Turno di Mario terminato.
Giocatore Nico riceve 7 armate (Territori: 7, Continenti: 0).
Giocatore Nico ha posizionato 1 armata su Mongolia
Giocatore Nico ha posizionato 1 armata su Scandinavia
Giocatore Nico ha posizionato 1 armata su Argentina
Giocatore Nico ha posizionato 1 armata su Europa Settentrionale
Giocatore Nico ha posizionato 1 armata su Stati Uniti Occidentali
Giocatore Nico ha posizionato 1 armata su Quebec
Giocatore Nico ha posizionato 1 armata su Perù
Giocatore Mario riceve 7 armate (Territori: 7, Continenti: 0).
Giocatore Mario riceve 7 armate (Territori: 7, Continenti: 0).
Giocatore Mario ha posizionato 1 armata su Alaska
Giocatore Mario ha posizionato 1 armata su Gran Bretagna
Giocatore Mario ha posizionato 1 armata su Madagascar
Giocatore Mario ha posizionato 1 armata su Čita
Giocatore Mario ha posizionato 1 armata su Stati Uniti Orientali
Giocatore Mario ha posizionato 1 armata su Alberta
Giocatore Mario ha posizionato 1 armata su Europa Meridionale
Giocatore Mario riceve 7 armate (Territori: 7, Continenti: 0).
Giocatore Mario ha posizionato 1 armata su Afghanistan
Giocatore Mario ha posizionato 1 armata su Afghanistan
Giocatore Mario ha posizionato 1 armata su Afghanistan
Giocatore Mario ha posizionato 1 armata su Afghanistan
Giocatore Mario ha posizionato 1 armata su Afghanistan
Giocatore Mario ha posizionato 1 armata su Afghanistan
Giocatore Mario ha posizionato 1 armata su Afghanistan
Giocatore g riceve 7 armate (Territori: 7, Continenti: 0).
Giocatore g ha posizionato 1 armata su Madagascar
Giocatore g ha posizionato 1 armata su Europa Meridionale
Giocatore g ha posizionato 1 armata su Siam
Giocatore g ha posizionato 1 armata su Indonesia
Giocatore g ha posizionato 1 armata su Africa del Sud
Giocatore g ha posizionato 1 armata su Giappone
Giocatore g ha posizionato 1 armata su Urali
Giocatore f riceve 7 armate (Territori: 7, Continenti: 0).
Giocatore f ha posizionato 1 armata su Mongolia
Giocatore f ha posizionato 1 armata su Mongolia
Giocatore f ha posizionato 1 armata su Mongolia
Giocatore f ha posizionato 1 armata su Mongolia
Giocatore f ha posizionato 1 armata su Mongolia
Giocatore f ha posizionato 1 armata su Mongolia
Giocatore f ha posizionato 1 armata su Mongolia
Giocatore d riceve 7 armate (Territori: 7, Continenti: 0).
Giocatore d ha posizionato 1 armata su Territori del Nord-Ovest
Giocatore d ha posizionato 1 armata su Medio Oriente
Giocatore d ha posizionato 1 armata su Nuova Guinea
Giocatore d ha posizionato 1 armata su Egitto
Giocatore d ha posizionato 1 armata su Argentina
Giocatore d ha posizionato 1 armata su Stati Uniti Orientali
Giocatore d ha posizionato 1 armata su Quebec
Giocatore G riceve 7 armate (Territori: 7, Continenti: 0).
Giocatore G ha posizionato 1 armata su Afghanistan
Giocatore G ha posizionato 1 armata su Afghanistan
Giocatore G ha posizionato 1 armata su Afghanistan
Giocatore G ha posizionato 1 armata su Afghanistan
Giocatore G ha posizionato 1 armata su Afghanistan
Giocatore G ha posizionato 1 armata su Afghanistan
Giocatore G ha posizionato 1 armata su Afghanistan
Giocatore g riceve 7 armate (Territori: 7, Continenti: 0).
Giocatore g ha posizionato 1 armata su Gran Bretagna
Giocatore g ha posizionato 1 armata su America Centrale
Giocatore g ha posizionato 1 armata su Čita
Giocatore g ha posizionato 1 armata su Urali
Giocatore g ha posizionato 1 armata su Siam
Giocatore g ha posizionato 1 armata su Medio Oriente
Giocatore g ha posizionato 1 armata su Europa Settentrionale
Giocatore j riceve 7 armate (Territori: 7, Continenti: 0).
Giocatore j ha posizionato 1 armata su Afghanistan
Giocatore j ha posizionato 1 armata su Stati Uniti Occidentali
Giocatore j ha posizionato 1 armata su Groenlandia
Giocatore j ha posizionato 1 armata su Europa Settentrionale
Giocatore j ha posizionato 1 armata su Siam
Giocatore j ha posizionato 1 armata su Ucraina
Giocatore j ha posizionato 1 armata su Africa del Sud
Giocatore g riceve 7 armate (Territori: 7, Continenti: 0).
Giocatore g ha posizionato 1 armata su Kamchatka
Giocatore g ha posizionato 1 armata su Cina
Giocatore g ha posizionato 1 armata su Indonesia
Giocatore g ha posizionato 1 armata su Quebec
Giocatore g ha posizionato 1 armata su Medio Oriente
Giocatore g ha posizionato 1 armata su Siberia
Giocatore g ha posizionato 1 armata su Egitto
Giocatore f riceve 7 armate (Territori: 7, Continenti: 0).
Giocatore f ha posizionato 1 armata su Medio Oriente
Giocatore f ha posizionato 1 armata su Stati Uniti Occidentali
Giocatore f ha posizionato 1 armata su Medio Oriente
Giocatore f ha posizionato 1 armata su Stati Uniti Orientali
Giocatore f ha posizionato 1 armata su Africa del Nord
Giocatore f ha posizionato 1 armata su Europa Settentrionale
Giocatore f ha posizionato 1 armata su Siberia
Giocatore luca riceve 7 armate (Territori: 7, Continenti: 0).
Giocatore luca ha posizionato 1 armata su Stati Uniti Orientali
Giocatore luca ha posizionato 1 armata su Jacuzia
Giocatore luca ha posizionato 1 armata su Congo
Giocatore luca ha posizionato 1 armata su Europa Settentrionale
Giocatore luca ha posizionato 1 armata su Siberia
Giocatore luca ha posizionato 1 armata su Urali
Giocatore luca ha posizionato 1 armata su Gran Bretagna
Turno di luca terminato.
Giocatore mariio riceve 7 armate (Territori: 7, Continenti: 0).
Giocatore mariio ha posizionato 1 armata su Kamchatka
Giocatore mariio ha posizionato 1 armata su Giappone
Giocatore mariio ha posizionato 1 armata su Siam
Giocatore mariio ha posizionato 1 armata su Europa Meridionale
Giocatore mariio ha posizionato 1 armata su Africa del Sud
Giocatore mariio ha posizionato 1 armata su Ucraina
Giocatore mariio ha posizionato 1 armata su Stati Uniti Occidentali
Giocatore Mario riceve 7 armate (Territori: 7, Continenti: 0).
Giocatore Mario ha posizionato 1 armata su Afghanistan
Giocatore Mario ha posizionato 1 armata su Medio Oriente
Giocatore Mario ha posizionato 1 armata su Urali
Giocatore Mario ha posizionato 1 armata su Africa del Nord
Giocatore Mario ha posizionato 1 armata su Africa del Sud
Giocatore Mario ha posizionato 1 armata su Venezuela
Giocatore Mario ha posizionato 1 armata su Islanda
Giocatore gt riceve 7 armate (Territori: 7, Continenti: 0).
Giocatore gt ha posizionato 1 armata su Australia Orientale
Giocatore gt ha posizionato 1 armata su Alberta
Giocatore gt ha posizionato 1 armata su Nuova Guinea
Giocatore gt ha posizionato 1 armata su Ucraina
Giocatore gt ha posizionato 1 armata su Urali
Giocatore gt ha posizionato 1 armata su Brasile
Giocatore gt ha posizionato 1 armata su Australia Occidentale
Turno di gt terminato dopo lo spostamento delle armate.
Giocatore nero riceve 7 armate (Territori: 7, Continenti: 0).
Giocatore nero ha posizionato 1 armata su Stati Uniti Occidentali
Giocatore nero ha posizionato 1 armata su Giappone
Giocatore nero ha posizionato 1 armata su Europa Meridionale
Giocatore nero ha posizionato 1 armata su Siam
Giocatore nero ha posizionato 1 armata su Ontario
Giocatore nero ha posizionato 1 armata su Egitto
Giocatore nero ha posizionato 1 armata su Stati Uniti Occidentali
Turno di nero terminato dopo lo spostamento delle armate.
Giocatore gt riceve 7 armate (Territori: 7, Continenti: 0).
Giocatore nefio riceve 7 armate (Territori: 7, Continenti: 0).
Giocatore nefio ha posizionato 1 armata su Venezuela
Giocatore nefio ha posizionato 1 armata su Africa del Sud
Giocatore nefio ha posizionato 1 armata su Jacuzia
Giocatore nefio ha posizionato 1 armata su Territori del Nord-Ovest
Giocatore nefio ha posizionato 1 armata su Europa Settentrionale
Giocatore nefio ha posizionato 1 armata su Madagascar
Giocatore nefio ha posizionato 1 armata su Indonesia
Turno di nefio terminato dopo lo spostamento delle armate.
Giocatore ale riceve 7 armate (Territori: 7, Continenti: 0).
Giocatore g riceve 7 armate (Territori: 7, Continenti: 0).
Giocatore g ha posizionato 1 armata su Scandinavia
Giocatore g ha posizionato 1 armata su Groenlandia
Giocatore g ha posizionato 1 armata su Čita
Giocatore g ha posizionato 1 armata su Cina
Giocatore g ha posizionato 1 armata su Madagascar
Giocatore g ha posizionato 1 armata su Territori del Nord-Ovest
Giocatore g ha posizionato 1 armata su Stati Uniti Occidentali
Turno di g terminato dopo lo spostamento delle armate.
Giocatore lk riceve 7 armate (Territori: 7, Continenti: 0).
Giocatore lk ha posizionato 1 armata su Stati Uniti Orientali
Giocatore lk ha posizionato 1 armata su Stati Uniti Orientali
Giocatore lk ha posizionato 1 armata su Stati Uniti Orientali
Giocatore lk ha posizionato 1 armata su Stati Uniti Orientali
Giocatore lk ha posizionato 1 armata su Stati Uniti Orientali
Giocatore lk ha posizionato 1 armata su Stati Uniti Orientali
Giocatore lk ha posizionato 1 armata su Stati Uniti Orientali
Giocatore Mario riceve 7 armate (Territori: 7, Continenti: 0).
Giocatore Mario ha posizionato 1 armata su Afghanistan
Giocatore Mario ha posizionato 1 armata su Medio Oriente
Giocatore Mario ha posizionato 1 armata su Africa del Nord
Giocatore Mario ha posizionato 1 armata su Venezuela
Giocatore Mario ha posizionato 1 armata su Islanda
Giocatore Mario ha posizionato 1 armata su Africa del Sud
Giocatore Mario ha posizionato 1 armata su Afghanistan
